#######################################################################################
# log primitive debug message of FSDB dumping                                         #
# This is for R&D to analyze when there are issues happening when FSDB dump           #
#######################################################################################
ANF: vcsd_get_serial_mode_status('simv: undefined symbol: vcsd_get_serial_mode_status')
ANF: vcsd_enable_sva_success_callback('simv: undefined symbol: vcsd_enable_sva_success_callback')
ANF: vcsd_disable_sva_success_callback('simv: undefined symbol: vcsd_disable_sva_success_callback')
ANF: vcsd_get_power_scope_name('simv: undefined symbol: vcsd_get_power_scope_name')
ANF: vcsd_begin_no_value_var_info('simv: undefined symbol: vcsd_begin_no_value_var_info')
ANF: vcsd_end_no_value_var_info('simv: undefined symbol: vcsd_end_no_value_var_info')
ANF: vcsd_remove_xprop_merge_mode_callback('simv: undefined symbol: vcsd_remove_xprop_merge_mode_callback')
ANF: vhpi_get_cb_info('simv: undefined symbol: vhpi_get_cb_info')
ANF: vhpi_free_handle('simv: undefined symbol: vhpi_free_handle')
ANF: vhpi_fetch_vcsd_handle('simv: undefined symbol: vhpi_fetch_vcsd_handle')
ANF: vhpi_fetch_vpi_handle('simv: undefined symbol: vhpi_fetch_vpi_handle')
ANF: vhpi_has_verilog_parent('simv: undefined symbol: vhpi_has_verilog_parent')
ANF: vhpi_is_verilog_scope('simv: undefined symbol: vhpi_is_verilog_scope')
ANF: scsd_xprop_is_enabled('simv: undefined symbol: scsd_xprop_is_enabled')
ANF: scsd_xprop_sig_is_promoted('simv: undefined symbol: scsd_xprop_sig_is_promoted')
ANF: scsd_xprop_int_xvalue('simv: undefined symbol: scsd_xprop_int_xvalue')
ANF: scsd_xprop_bool_xvalue('simv: undefined symbol: scsd_xprop_bool_xvalue')
ANF: scsd_xprop_enum_xvalue('simv: undefined symbol: scsd_xprop_enum_xvalue')
ANF: scsd_xprop_register_merge_mode_cb('simv: undefined symbol: scsd_xprop_register_merge_mode_cb')
ANF: scsd_xprop_delete_merge_mode_cb('simv: undefined symbol: scsd_xprop_delete_merge_mode_cb')
ANF: scsd_xprop_get_merge_mode('simv: undefined symbol: scsd_xprop_get_merge_mode')
ANF: scsd_thread_get_info('simv: undefined symbol: scsd_thread_get_info')
ANF: scsd_thread_vc_init('simv: undefined symbol: scsd_thread_vc_init')
ANF: scsd_master_set_delta_sync_cbk('simv: undefined symbol: scsd_master_set_delta_sync_cbk')
ANF: scsd_fgp_get_fsdb_cores('simv: undefined symbol: scsd_fgp_get_fsdb_cores')
ANF: scsd_fgp_get_is_cpu_affinity_disabled('simv: undefined symbol: scsd_fgp_get_is_cpu_affinity_disabled')
ANF: vhdi_dt_get_type('simv: undefined symbol: vhdi_dt_get_type')
ANF: vhdi_dt_get_key('simv: undefined symbol: vhdi_dt_get_key')
ANF: vhdi_dt_get_vhdl_enum_info('simv: undefined symbol: vhdi_dt_get_vhdl_enum_info')
ANF: vhdi_dt_get_vhdl_physical_info('simv: undefined symbol: vhdi_dt_get_vhdl_physical_info')
ANF: vhdi_dt_get_vhdl_array_info('simv: undefined symbol: vhdi_dt_get_vhdl_array_info')
ANF: vhdi_dt_get_vhdl_record_info('simv: undefined symbol: vhdi_dt_get_vhdl_record_info')
ANF: vhdi_def_traverse_module('simv: undefined symbol: vhdi_def_traverse_module')
ANF: vhdi_def_traverse_scope('simv: undefined symbol: vhdi_def_traverse_scope')
ANF: vhdi_def_traverse_variable('simv: undefined symbol: vhdi_def_traverse_variable')
ANF: vhdi_def_get_module_id_by_vhpi('simv: undefined symbol: vhdi_def_get_module_id_by_vhpi')
ANF: vhdi_def_get_handle_by_module_id('simv: undefined symbol: vhdi_def_get_handle_by_module_id')
ANF: vhdi_def_get_variable_info_by_vhpi('simv: undefined symbol: vhdi_def_get_variable_info_by_vhpi')
ANF: vhdi_def_free('simv: undefined symbol: vhdi_def_free')
ANF: vhdi_ist_traverse_scope('simv: undefined symbol: vhdi_ist_traverse_scope')
ANF: vhdi_ist_traverse_variable('simv: undefined symbol: vhdi_ist_traverse_variable')
ANF: vhdi_ist_convert_by_vhpi('simv: undefined symbol: vhdi_ist_convert_by_vhpi')
ANF: vhdi_ist_clone('simv: undefined symbol: vhdi_ist_clone')
ANF: vhdi_ist_free('simv: undefined symbol: vhdi_ist_free')
ANF: vhdi_ist_hash_key('simv: undefined symbol: vhdi_ist_hash_key')
ANF: vhdi_ist_compare('simv: undefined symbol: vhdi_ist_compare')
ANF: vhdi_ist_get_value_addr('simv: undefined symbol: vhdi_ist_get_value_addr')
ANF: vhdi_set_scsd_callback('simv: undefined symbol: vhdi_set_scsd_callback')
ANF: vhdi_cbk_set_force_callback('simv: undefined symbol: vhdi_cbk_set_force_callback')
ANF: vhdi_trigger_init_force('simv: undefined symbol: vhdi_trigger_init_force')
ANF: vhdi_ist_check_scsd_callback('simv: undefined symbol: vhdi_ist_check_scsd_callback')
ANF: vhdi_ist_add_scsd_callback('simv: undefined symbol: vhdi_ist_add_scsd_callback')
ANF: vhdi_ist_remove_scsd_callback('simv: undefined symbol: vhdi_ist_remove_scsd_callback')
ANF: vhdi_ist_get_scsd_user_data('simv: undefined symbol: vhdi_ist_get_scsd_user_data')
ANF: vhdi_add_time_change_callback('simv: undefined symbol: vhdi_add_time_change_callback')
ANF: vhdi_get_real_value_by_value_addr('simv: undefined symbol: vhdi_get_real_value_by_value_addr')
ANF: vhdi_get_64_value_by_value_addr('simv: undefined symbol: vhdi_get_64_value_by_value_addr')
ANF: vhdi_xprop_inst_is_promoted('simv: undefined symbol: vhdi_xprop_inst_is_promoted')
ANF: vdi_ist_convert_by_vhdi('simv: undefined symbol: vdi_ist_convert_by_vhdi')
ANF: vhdi_ist_get_module_id('simv: undefined symbol: vhdi_ist_get_module_id')
ANF: vhdi_refine_foreign_scope_type('simv: undefined symbol: vhdi_refine_foreign_scope_type')
ANF: vhdi_flush_callback('simv: undefined symbol: vhdi_flush_callback')
ANF: vhdi_set_orig_name('simv: undefined symbol: vhdi_set_orig_name')
ANF: vhdi_set_dump_pt('simv: undefined symbol: vhdi_set_dump_pt')
ANF: vhdi_get_fsdb_option('simv: undefined symbol: vhdi_get_fsdb_option')
ANF: vhdi_fgp_get_mode('simv: undefined symbol: vhdi_fgp_get_mode')
ANF: vhdi_node_register_composite_var('simv: undefined symbol: vhdi_node_register_composite_var')
ANF: vhdi_node_analysis('simv: undefined symbol: vhdi_node_analysis')
ANF: vhdi_node_id('simv: undefined symbol: vhdi_node_id')
ANF: vhdi_node_ist_check_scsd_callback('simv: undefined symbol: vhdi_node_ist_check_scsd_callback')
ANF: vhdi_node_ist_add_scsd_callback('simv: undefined symbol: vhdi_node_ist_add_scsd_callback')
ANF: vhdi_node_ist_get_value_addr('simv: undefined symbol: vhdi_node_ist_get_value_addr')
ANF: vhdi_enc_def_traverse_module('simv: undefined symbol: vhdi_enc_def_traverse_module')
ANF: vhdi_enc_def_traverse_scope('simv: undefined symbol: vhdi_enc_def_traverse_scope')
ANF: vhdi_enc_def_traverse_variable('simv: undefined symbol: vhdi_enc_def_traverse_variable')
ANF: vhdi_enc_ist_traverse_scope('simv: undefined symbol: vhdi_enc_ist_traverse_scope')
ANF: vhdi_enc_ist_traverse_variable('simv: undefined symbol: vhdi_enc_ist_traverse_variable')
ANF: vhdi_enc_ist_get_module_id('simv: undefined symbol: vhdi_enc_ist_get_module_id')
ANF: vhdi_enc_def_get_handle_by_module_id('simv: undefined symbol: vhdi_enc_def_get_handle_by_module_id')
VCS compile option:
 option[0]: simv
 option[1]: +v2k
 option[2]: /usr/cad/synopsys/vcs/2022.06/linux64/bin/vcs1
 option[3]: -Mcc=gcc
 option[4]: -Mcplusplus=g++
 option[5]: -Masflags=
 option[6]: -Mcfl= -pipe -fPIC -O -I/usr/cad/synopsys/vcs/2022.06/include 
 option[7]: -Mxllcflags=
 option[8]: -Mxcflags= -pipe -fPIC -I/usr/cad/synopsys/vcs/2022.06/include
 option[9]: -Mldflags= -rdynamic 
 option[10]: -Mout=simv
 option[11]: -Mamsrun=
 option[12]: -Mvcsaceobjs=
 option[13]: -Mobjects= /usr/cad/synopsys/vcs/2022.06/linux64/lib/libvirsim.so /usr/cad/synopsys/vcs/2022.06/linux64/lib/liberrorinf.so /usr/cad/synopsys/vcs/2022.06/linux64/lib/libsnpsmalloc.so /usr/cad/synopsys/vcs/2022.06/linux64/lib/libvfs.so 
 option[14]: -Mexternalobj=
 option[15]: -Msaverestoreobj=/usr/cad/synopsys/vcs/2022.06/linux64/lib/vcs_save_restore_new.o
 option[16]: -Mcrt0=
 option[17]: -Mcrtn=
 option[18]: -Mcsrc=
 option[19]: -Msyslibs=/usr/cad/synopsys/verdi/2022.06//share/PLI/VCS/LINUX64/pli.a -ldl 
 option[20]: -Xvcs_run_simv=1
 option[21]: -full64
 option[22]: -xprop
 option[23]: +v2k
 option[24]: -debug_access+all
 option[25]: +vpi
 option[26]: +vcsd1
 option[27]: +itf+/usr/cad/synopsys/vcs/2022.06/linux64/lib/vcsdp_lite.tab
 option[28]: -picarchive
 option[29]: -P
 option[30]: /usr/cad/synopsys/verdi/2022.06//share/PLI/VCS/LINUX64/verdi.tab
 option[31]: -fsdb
 option[32]: -gen_obj
 option[33]: mux.v
 option[34]: mux_test.v
 option[35]: -load
 option[36]: /usr/cad/synopsys/verdi/2022.06//share/PLI/VCS/LINUX64/libnovas.so:FSDBDumpCmd
Chronologic Simulation VCS Release T-2022.06_Full64
Linux 3.10.0-1160.42.2.el7.x86_64 #1 SMP Tue Sep 7 14:49:57 UTC 2021 x86_64
CPU cores: 80
Limit information:
======================================
cputime		unlimited
filesize		unlimited
datasize		unlimited
stacksize		8192 kbytes
coredumpsize		0 kbytes
memoryuse		unlimited
vmemoryuse		unlimited
descriptors		4096
memorylocked		64 kbytes
maxproc		4096
======================================
(Special)Runtime environment variables:

Runtime environment variables:
SYNOPSYS_LC_ROOT=/cad/synopsys/lc/cur
MANPATH=/usr/cad/synopsys/vcs/2022.06/doc/man:/usr/cad/synopsys/star-rcxt/2021.06//starrc/man:/usr/cad/synopsys/synthesis/2021.06-sp2/doc/syn/man:/usr/cad/synopsys/synthesis/2021.06-sp2/doc/syn/man:/usr/cad/synopsys/vcs/2022.06/doc/man:/usr/cad/synopsys/star-rcxt/2021.06//starrc/man:/usr/cad/synopsys/synthesis/2021.06-sp2/doc/syn/man:/usr/cad/synopsys/synthesis/2021.06-sp2/doc/syn/man
XDG_SESSION_ID=c36
SSH_AGENT_PID=237045
XLOCALEDIR=/usr/cad/synopsys/icc2/2021.06-sp2//etc/locale
DBUS_STARTER_ADDRESS=unix:abstract=/tmp/dbus-J5EUGcJrUF,guid=262ae9de4a5875bfea7a781e64140c0a
HOSTNAME=ntut-lab-317-server-supermicro
UNAME=/bin/uname
IMSETTINGS_INTEGRATE_DESKTOP=yes
XRDP_SOCKET_PATH=/run/xrdp
SCRNAME=vcs
VCS_DEPTH=0
HOST=ntut-lab-317-server-supermicro
VTE_VERSION=5204
XDG_MENU_PREFIX=gnome-
SHELL=/bin/bash
TERM=xterm-256color
HISTSIZE=1000
GNOME_TERMINAL_SCREEN=/org/gnome/Terminal/screen/c6a104a1_6cbf_4cf9_9583_92513147145d
QTDIR=/usr/lib64/qt-3.3
QTINC=/usr/lib64/qt-3.3/include
LC_ALL=C
SNPS_VCS_INTERNAL_ROOT_PID=281049
QT_GRAPHICSSYSTEM_CHECKED=1
IMSETTINGS_MODULE=none
GROUP=dtrain4
USER=dtrain4
LD_LIBRARY_PATH=/usr/cad/synopsys/vcs/2022.06/lib:/usr/cad/synopsys/vcs/2022.06/linux64/lib:/usr/cad/cadence/CONFRML/CONFRML_20.10.100/tools/lib/64bit:/usr/cad/cadence/CONFRML/CONFRML_20.10.100/tools/lib64:/usr/cad/cadence/CONFRML/CONFRML_20.10.100/tools/lib::/usr/cad/cadence/XCELIUM/XCELIUM_20.09.007/tools/lib/64bit:/usr/cad/cadence/XCELIUM/XCELIUM_20.09.007/tools/lib64:/usr/cad/cadence/XCELIUM/XCELIUM_20.09.007/tools/lib:::::/usr/cad/synopsys/star-rcxt/2021.06//linux64_starrc/lib/::::/usr/cad/synopsys/verdi/2022.06//etc/lib/libstdc++/LINUX64/:/usr/cad/synopsys/verdi/2022.06//share/PLI/lib/LINUX64/:/usr/cad/synopsys/verdi/2022.06//share/PLI/VCS/LINUX64/::/usr/cad/synopsys/verdi/cur/share/PLI/VCS/LINUX64::/lib64:/usr/lib64:/usr/local/lib64:/usr/cad/cadence/CONFRML/CONFRML_20.10.100/tools/lib/64bit:/usr/cad/cadence/CONFRML/CONFRML_20.10.100/tools/lib64:/usr/cad/cadence/CONFRML/CONFRML_20.10.100/tools/lib::/usr/cad/cadence/XCELIUM/XCELIUM_20.09.007/tools/lib/64bit:/usr/cad/cadence/XCELIUM/XCELIUM_20.09.007/tools/lib64:/usr/cad/cadence/XCELIUM/XCELIUM_20.09.007/tools/lib:::::/usr/cad/synopsys/star-rcxt/2021.06//linux64_starrc/lib/::::/usr/cad/synopsys/verdi/2022.06//etc/lib/libstdc++/LINUX64/:/usr/cad/synopsys/verdi/2022.06//share/PLI/lib/LINUX64/:/usr/cad/synopsys/verdi/2022.06//share/PLI/VCS/LINUX64/::/usr/cad/synopsys/verdi/cur/share/PLI/VCS/LINUX64::/lib64:/usr/lib64:/usr/local/lib64
LS_COLORS=rs=0:di=38;5;27:ln=38;5;51:mh=44;38;5;15:pi=40;38;5;11:so=38;5;13:do=38;5;5:bd=48;5;232;38;5;11:cd=48;5;232;38;5;3:or=48;5;232;38;5;9:mi=05;48;5;232;38;5;15:su=48;5;196;38;5;15:sg=48;5;11;38;5;16:ca=48;5;196;38;5;226:tw=48;5;10;38;5;16:ow=48;5;10;38;5;21:st=48;5;21;38;5;15:ex=38;5;34:*.tar=38;5;9:*.tgz=38;5;9:*.arc=38;5;9:*.arj=38;5;9:*.taz=38;5;9:*.lha=38;5;9:*.lz4=38;5;9:*.lzh=38;5;9:*.lzma=38;5;9:*.tlz=38;5;9:*.txz=38;5;9:*.tzo=38;5;9:*.t7z=38;5;9:*.zip=38;5;9:*.z=38;5;9:*.Z=38;5;9:*.dz=38;5;9:*.gz=38;5;9:*.lrz=38;5;9:*.lz=38;5;9:*.lzo=38;5;9:*.xz=38;5;9:*.bz2=38;5;9:*.bz=38;5;9:*.tbz=38;5;9:*.tbz2=38;5;9:*.tz=38;5;9:*.deb=38;5;9:*.rpm=38;5;9:*.jar=38;5;9:*.war=38;5;9:*.ear=38;5;9:*.sar=38;5;9:*.rar=38;5;9:*.alz=38;5;9:*.ace=38;5;9:*.zoo=38;5;9:*.cpio=38;5;9:*.7z=38;5;9:*.rz=38;5;9:*.cab=38;5;9:*.jpg=38;5;13:*.jpeg=38;5;13:*.gif=38;5;13:*.bmp=38;5;13:*.pbm=38;5;13:*.pgm=38;5;13:*.ppm=38;5;13:*.tga=38;5;13:*.xbm=38;5;13:*.xpm=38;5;13:*.tif=38;5;13:*.tiff=38;5;13:*.png=38;5;13:*.svg=38;5;13:*.svgz=38;5;13:*.mng=38;5;13:*.pcx=38;5;13:*.mov=38;5;13:*.mpg=38;5;13:*.mpeg=38;5;13:*.m2v=38;5;13:*.mkv=38;5;13:*.webm=38;5;13:*.ogm=38;5;13:*.mp4=38;5;13:*.m4v=38;5;13:*.mp4v=38;5;13:*.vob=38;5;13:*.qt=38;5;13:*.nuv=38;5;13:*.wmv=38;5;13:*.asf=38;5;13:*.rm=38;5;13:*.rmvb=38;5;13:*.flc=38;5;13:*.avi=38;5;13:*.fli=38;5;13:*.flv=38;5;13:*.gl=38;5;13:*.dl=38;5;13:*.xcf=38;5;13:*.xwd=38;5;13:*.yuv=38;5;13:*.cgm=38;5;13:*.emf=38;5;13:*.axv=38;5;13:*.anx=38;5;13:*.ogv=38;5;13:*.ogx=38;5;13:*.aac=38;5;45:*.au=38;5;45:*.flac=38;5;45:*.mid=38;5;45:*.midi=38;5;45:*.mka=38;5;45:*.mp3=38;5;45:*.mpc=38;5;45:*.ogg=38;5;45:*.ra=38;5;45:*.wav=38;5;45:*.axa=38;5;45:*.oga=38;5;45:*.spx=38;5;45:*.xspf=38;5;45:
GNOME_TERMINAL_SERVICE=:1.119
SCRIPT_NAME=vcs
VCS_MX_HOME_INTERNAL=1
HOSTTYPE=x86_64-linux
SSH_AUTH_SOCK=/run/user/1024/keyring/ssh
SNPS_VCS_CLANG_PATH=/usr/cad/synopsys/vcs/2022.06/linux64/clang
SESSION_MANAGER=local/unix:@/tmp/.ICE-unix/236727,unix/unix:/tmp/.ICE-unix/236727
VCS_USER_OPTIONS=mux.v mux_test.v -R -full64 -xprop +v2k -debug_access+all
OVA_UUM=0
XRDP_PULSE_SINK_SOCKET=xrdp_chansrv_audio_out_socket_42
VCS_MODE_FLAG=64
SYNOPSYS_NCX_ROOT=/usr/cad/synopsys/star-rcxt/2021.06/
PULSE_SCRIPT=/etc/xrdp/pulse/default.pa
GNOME_SHELL_SESSION_MODE=classic
MAIL=/var/spool/mail/dtrain4
PATH=.:/usr/cad/cadence/CONFRML/CONFRML_20.10.100/tools/bin/64bit:/usr/cad/cadence/CONFRML/CONFRML_20.10.100/tools/bin:/usr/cad/cadence/XCELIUM/XCELIUM_20.09.007/tools/bin/64bit:/usr/cad/cadence/XCELIUM/XCELIUM_20.09.007/tools/bin:/usr/cad/synopsys/primetime/2021.06/amd64/syn/bin:/usr/cad/synopsys/synthesis/2021.06-sp2/amd64/syn/bin:/cad/synopsys/lc/cur/bin:/usr/cad/synopsys/synthesis/2021.06-sp2/amd64/syn/bin:/cad/synopsys/lc/cur/bin:/usr/cad/synopsys/icc2/2021.06-sp2//bin:/usr/cad/synopsys/icc/2021.06-sp1//amd64/syn/bin:/usr/cad/synopsys/verdi/2022.06//bin:/usr/cad/synopsys/vcs/2022.06/amd64/bin:/usr/cad/cadence/CONFRML/CONFRML_20.10.100/tools/bin/64bit:/usr/cad/cadence/CONFRML/CONFRML_20.10.100/tools/bin:/usr/cad/cadence/XCELIUM/XCELIUM_20.09.007/tools/bin/64bit:/usr/cad/cadence/XCELIUM/XCELIUM_20.09.007/tools/bin:/usr/cad/synopsys/primetime/2021.06/amd64/syn/bin:/usr/cad/synopsys/synthesis/2021.06-sp2/amd64/syn/bin:/cad/synopsys/lc/cur/bin:/usr/cad/synopsys/synthesis/2021.06-sp2/amd64/syn/bin:/cad/synopsys/lc/cur/bin:/usr/cad/synopsys/icc2/2021.06-sp2//bin:/usr/cad/synopsys/icc/2021.06-sp1//amd64/syn/bin:/usr/cad/synopsys/verdi/2022.06//bin:/usr/cad/synopsys/vcs/2022.06/amd64/bin:/usr/local/gcc-9.2.0/bin:/usr/local/gcc-9.2.0/bin:/usr/local/gcc-9.2.0/bin:/usr/lib64/qt-3.3/bin:/usr/local/gcc-9.2.0/bin:/sbin:/bin:/usr/bin:/usr/local/bin:/usr/local/sbin:/usr/sbin:/var/lib/snapd/snap/bin:/home/dtrain4/.local/bin:/home/dtrain4/bin:/home/dtrain4/.local/bin:/home/dtrain4/bin:/home/dtrain4/.local/bin:/home/dtrain4/bin:/usr/cad/synopsys/tcad/cur/raphael/cur/bin:/usr/cad/synopsys/tcad/cur/sentaurus/cur/bin:/usr/cad/synopsys/tcad/cur/taurus_medici/cur/bin:/usr/cad/synopsys/tcad/cur/taurus_tsuprem4/cur/bin:/usr/cad/synopsys/tcad/cur/raphael/cur/bin:/usr/cad/synopsys/tcad/cur/sentaurus/cur/bin:/usr/cad/synopsys/tcad/cur/taurus_medici/cur/bin:/usr/cad/synopsys/tcad/cur/taurus_tsuprem4/cur/bin
QT_IM_MODULE=ibus
SNPS_VCS_INTERNAL_CURR_PID=281049
VERDI_HOME=/usr/cad/synopsys/verdi/2022.06/
PWD=/home/dtrain4/111318195/vloglab_21f_sol/Lab1
VCS_HOME=/usr/cad/synopsys/vcs/2022.06
XMODIFIERS=@im=ibus
SNPS_VCS_INTERNAL_MEMPRELOAD_USE_LIBC=1
SNPS_INTERNAL_VCS_LINUX_OS=linux
XRDP_SESSION=1
LANG=en_US.UTF-8
XRDP_PULSE_SOURCE_SOCKET=xrdp_chansrv_audio_in_socket_42
KDEDIRS=/usr
VMR_MODE_FLAG=64
VCS_CC=gcc
LM_LICENSE_FILE=5280@lshc:26585@lshc:
HISTCONTROL=ignoredups
SSH_ASKPASS=/usr/libexec/openssh/gnome-ssh-askpass
VCS_ARG_ADDED_FOR_TMP=1
SNPS_VCS_TMPDIR=/tmp/vcs_20230321074430_281049
DBUS_STARTER_BUS_TYPE=session
SHLVL=5
HOME=/home/dtrain4
OSTYPE=linux
GNOME_DESKTOP_SESSION_ID=this-is-deprecated
CDN_SYNTH_ROOT=/usr/cad/cadence/GENUS/cur/tools
VCS_COM=/usr/cad/synopsys/vcs/2022.06/linux64/bin/vcs1
VENDOR=unknown
MACHTYPE=x86_64
LOGNAME=dtrain4
QTLIB=/usr/lib64/qt-3.3/lib
SNPS_VCS_INTERNAL_ROOT_START_TIME=1679384670.898347834
DBUS_SESSION_BUS_ADDRESS=unix:abstract=/tmp/dbus-J5EUGcJrUF,guid=262ae9de4a5875bfea7a781e64140c0a
XDG_DATA_DIRS=/home/dtrain4/.local/share/flatpak/exports/share:/var/lib/flatpak/exports/share:/usr/local/share:/usr/share:/var/lib/snapd/desktop
UID=1024
LESSOPEN=||/usr/bin/lesspipe.sh %s
SHLIB_PATH=/usr/cad/synopsys/verdi/2022.06//etc/lib/libstdc++/LINUX64/:/usr/cad/synopsys/verdi/2022.06//share/PLI/lib/LINUX64/:/usr/cad/synopsys/verdi/2022.06//share/PLI/VCS/LINUX64/::/usr/cad/synopsys/verdi/2022.06//etc/lib/libstdc++/LINUX64/:/usr/cad/synopsys/verdi/2022.06//share/PLI/lib/LINUX64/:/usr/cad/synopsys/verdi/2022.06//share/PLI/VCS/LINUX64/:
sysc_uni_pwd=/home/dtrain4/111318195/vloglab_21f_sol/Lab1
DISPLAY=:42.0
XDG_RUNTIME_DIR=/run/user/1024
VCS_ARCH=linux64
SYN_MAN_DIR=/usr/cad/synopsys/synthesis/2021.06-sp2/doc/syn/man
QT_PLUGIN_PATH=/usr/lib64/kde4/plugins:/usr/lib/kde4/plugins
TOOL_HOME=/usr/cad/synopsys/vcs/2022.06/linux64
XDG_CURRENT_DESKTOP=GNOME
COLORTERM=truecolor
_=./simv
OLDPWD=/home/dtrain4/111318195/vloglab_21f_sol/Lab1/simv.daidir/debug_dump/fsearch
VCS_PATHMAP_PRELOAD_DONE=1
VCS_EXEC_DONE=1
DVE=/usr/cad/synopsys/vcs/2022.06/gui/dve
SPECMAN_OUTPUT_TO_TTY=1
FLEXLM_BORROWFILE=/home/dtrain4/.ntut-lab-317-server-supermicro-borrow.txt
Runtime command line arguments:
argv[0]=simv
argv[1]=+v2k
240 profile - 100
          CPU/Mem usage: 0.030 sys,  0.260 user,  256.81M mem
241 Elapsed time:    0:00:01    Tue Mar 21 15:44:34 2023
242 User CPU time used: 0 seconds
243 System CPU time used: 0 seconds
244 pliAppInit
245 [SC]Init: MemoryConsumed=0.00MB ElapsedTime=0hour 0min. 0sec.
246 FSDB_GATE is set.
247 FSDB_RTL is set.
248 FSDB_ALIAS_ARRAY_ELEM is set to 4294967295.
249 Enable Parallel Dumping.
250 pliAppMiscSet: New Sim Round
251 pliEntryInit
252 LIBSSCORE=found /usr/cad/synopsys/verdi/2022.06//share/PLI/lib/LINUXAMD64/libsscore_vcs202206.so through $NOVAS_HOME setting.
253 FSDB Dumper for VCS, Release Verdi_T-2022.06, Linux x86_64/64bit, 05/29/2022
254 (C) 1996 - 2022 by Synopsys, Inc.
255 sps_call_fsdbDumpfile_main at 0 : mux_test.v(37)
256 argv[0]: (mux.fsdb)
257 *Verdi* : Create FSDB file 'mux.fsdb'
258 [spi_vcs_vd_ppi_create_root]: no upf option
259 compile option from '/home/dtrain4/111318195/vloglab_21f_sol/Lab1/simv.daidir/vcs_rebuild'.
260   "vcs 'mux.v' 'mux_test.v' '-R' '-full64' '-xprop' '+v2k' '-debug_access+all' 2>&1"
261 DVDI_is_vir_unload_enabled is enable
262 FSDB_VCS_ENABLE_NATIVE_VC is enable
263 sps_call_fsdbDumpvars_vd_main at 0 : mux_test.v(38)
264 *Verdi* : Begin traversing the scopes, layer (0).
265 *Verdi* : End of traversing.
266 pliAppHDL_DumpVarComplete traverse var: profile - 
          CPU/Mem usage: 0.040 sys,  0.260 user,  356.17M mem
                   incr: 0.000 sys,  0.000 user,  7.76M mem
                   accu: 0.000 sys,  0.000 user,  7.76M mem
              accu incr: 0.000 sys,  0.000 user,  7.76M mem

          Count usage: 12 var,  11 idcode,  6 callback
                 incr: 12 var,  11 idcode,  6 callback
                 accu: 12 var,  11 idcode,  6 callback
            accu incr: 12 var,  11 idcode,  6 callback
267 Elapsed time:    0:00:01    Tue Mar 21 15:44:34 2023
268 User CPU time used: 0 seconds
269 System CPU time used: 0 seconds
270 pliAppHDL_DumpVarComplete: profile - 
          CPU/Mem usage: 0.040 sys,  0.260 user,  357.22M mem
                   incr: 0.000 sys,  0.000 user,  1.05M mem
                   accu: 0.000 sys,  0.000 user,  8.81M mem
              accu incr: 0.000 sys,  0.000 user,  1.05M mem

          Count usage: 12 var,  11 idcode,  6 callback
                 incr: 0 var,  0 idcode,  0 callback
                 accu: 12 var,  11 idcode,  6 callback
            accu incr: 0 var,  0 idcode,  0 callback
271 Elapsed time:    0:00:01    Tue Mar 21 15:44:34 2023
272 User CPU time used: 0 seconds
273 System CPU time used: 0 seconds
274 End of simulation at 100
275 Memory usage: 357.224 M
276 Maximum resident set size: 71 MB
277 Hard page faults: 2
278 Soft page faults: 28379
279 Elapsed time:    0:00:01    Tue Mar 21 15:44:34 2023
280 User CPU time used: 0 seconds
281 System CPU time used: 0 seconds
282 Begin FSDB profile info:
283 FSDB Writer : bc1(39) bcn(1) mtf/stf(0/0)
FSDB Writer elapsed time : flush(0.001401) io wait(0.000000) theadpool wait(0.000000)
FSDB Writer cpu time : MT Compression : 0
284 End FSDB profile info
285 FSDB closed. Name: mux.fsdb Size: 9077
286 Parallel profile     - ProducerThread:1 ConsumerThread:1 Buffer:64MB
287                      - BlockUsed:1 Acquire:56 BufferUsed:665
288                      - Flush:3 Expand:0 ProducerWait:0 ConsumerWait:0
289                      - MainProducerTime:0.315203156 TotalConsumerTime:0.000000000
290                      - ElapsedTime:0.020447000
291 Producer   0 profile - BlockUsed:1 Acquire:56 BufferUsed:665
292 Consumer   0 profile - Affinity:-1 CPUTime:0.000000000 LifeTime:0.000000000 (-nan%)
293                      - BlockUsed:1 Acquire:56 BufferUsed:665
294 SimExit
295 Elapsed time:    0:00:01    Tue Mar 21 15:44:34 2023
296 User CPU time used: 0 seconds
297 System CPU time used: 0 seconds
298 Sim process exit
